# JRE version: OpenJDK Runtime Environment (21.0.3) (build 21.0.3+-12282718-b509.11)
# Java VM: OpenJDK 64-Bit Server VM (21.0.3+-12282718-b509.11, mixed mode, tiered, compressed oops, compressed class ptrs, g1 gc, windows-amd64)
GC Precious Log:
 CardTable entry size: 512
 Card Set container configuration: InlinePtr #cards 5 size 8 Array Of Cards #cards 12 size 40 Howl #buckets 4 coarsen threshold 1843 Howl Bitmap #cards 512 size 80 coarsen threshold 460 Card regions per heap region 1 cards per card region 2048
 CPUs: 8 total, 8 available
 Memory: 3993M
 Large Page Support: Disabled
 NUMA Support: Disabled
 Compressed Oops: Enabled (32-bit)
 Heap Region Size: 1M
 Heap Min Capacity: 8M
 Heap Initial Capacity: 64M
 Heap Max Capacity: 2G
 Pre-touch: Disabled
 Parallel Workers: 8
 Concurrent Workers: 2
 Concurrent Refinement Workers: 8
 Periodic GC: Disabled
Heap:
 garbage-first heap   total 326656K, used 253284K [0x0000000080000000, 0x0000000100000000)
  region size 1024K, 82 young (83968K), 12 survivors (12288K)
 Metaspace       used 144065K, committed 146368K, reserved 1179648K
  class space    used 18453K, committed 19584K, reserved 1048576K
GC Heap History (20 events):
Event: 28.757 GC heap before
{Heap before GC invocations=30 (full 0):
 garbage-first heap   total 178176K, used 153807K [0x0000000080000000, 0x0000000100000000)
  region size 1024K, 51 young (52224K), 3 survivors (3072K)
 Metaspace       used 101902K, committed 104064K, reserved 1179648K
  class space    used 13825K, committed 14912K, reserved 1048576K
}
Event: 28.778 GC heap after
{Heap after GC invocations=31 (full 0):
 garbage-first heap   total 178176K, used 107464K [0x0000000080000000, 0x0000000100000000)
  region size 1024K, 6 young (6144K), 6 survivors (6144K)
 Metaspace       used 101902K, committed 104064K, reserved 1179648K
  class space    used 13825K, committed 14912K, reserved 1048576K
}
Event: 29.476 GC heap before
{Heap before GC invocations=31 (full 0):
 garbage-first heap   total 178176K, used 160712K [0x0000000080000000, 0x0000000100000000)
  region size 1024K, 58 young (59392K), 6 survivors (6144K)
 Metaspace       used 105147K, committed 107264K, reserved 1179648K
  class space    used 14194K, committed 15232K, reserved 1048576K
}
Event: 29.491 GC heap after
{Heap after GC invocations=32 (full 0):
 garbage-first heap   total 214016K, used 108150K [0x0000000080000000, 0x0000000100000000)
  region size 1024K, 7 young (7168K), 7 survivors (7168K)
 Metaspace       used 105147K, committed 107264K, reserved 1179648K
  class space    used 14194K, committed 15232K, reserved 1048576K
}
Event: 31.436 GC heap before
{Heap before GC invocations=32 (full 0):
 garbage-first heap   total 214016K, used 194166K [0x0000000080000000, 0x0000000100000000)
  region size 1024K, 91 young (93184K), 7 survivors (7168K)
 Metaspace       used 113110K, committed 115200K, reserved 1179648K
  class space    used 14943K, committed 16000K, reserved 1048576K
}
Event: 31.451 GC heap after
{Heap after GC invocations=33 (full 0):
 garbage-first heap   total 214016K, used 115014K [0x0000000080000000, 0x0000000100000000)
  region size 1024K, 12 young (12288K), 12 survivors (12288K)
 Metaspace       used 113110K, committed 115200K, reserved 1179648K
  class space    used 14943K, committed 16000K, reserved 1048576K
}
Event: 33.131 GC heap before
{Heap before GC invocations=33 (full 0):
 garbage-first heap   total 214016K, used 188742K [0x0000000080000000, 0x0000000100000000)
  region size 1024K, 85 young (87040K), 12 survivors (12288K)
 Metaspace       used 124640K, committed 126784K, reserved 1179648K
  class space    used 16143K, committed 17216K, reserved 1048576K
}
Event: 33.145 GC heap after
{Heap after GC invocations=34 (full 0):
 garbage-first heap   total 214016K, used 118909K [0x0000000080000000, 0x0000000100000000)
  region size 1024K, 4 young (4096K), 4 survivors (4096K)
 Metaspace       used 124640K, committed 126784K, reserved 1179648K
  class space    used 16143K, committed 17216K, reserved 1048576K
}
Event: 35.651 GC heap before
{Heap before GC invocations=34 (full 0):
 garbage-first heap   total 214016K, used 195709K [0x0000000080000000, 0x0000000100000000)
  region size 1024K, 80 young (81920K), 4 survivors (4096K)
 Metaspace       used 129896K, committed 131968K, reserved 1179648K
  class space    used 16696K, committed 17728K, reserved 1048576K
}
Event: 35.668 GC heap after
{Heap after GC invocations=35 (full 0):
 garbage-first heap   total 214016K, used 125104K [0x0000000080000000, 0x0000000100000000)
  region size 1024K, 10 young (10240K), 10 survivors (10240K)
 Metaspace       used 129896K, committed 131968K, reserved 1179648K
  class space    used 16696K, committed 17728K, reserved 1048576K
}
Event: 37.163 GC heap before
{Heap before GC invocations=36 (full 0):
 garbage-first heap   total 219136K, used 198832K [0x0000000080000000, 0x0000000100000000)
  region size 1024K, 74 young (75776K), 10 survivors (10240K)
 Metaspace       used 130211K, committed 132352K, reserved 1179648K
  class space    used 16752K, committed 17792K, reserved 1048576K
}
Event: 37.189 GC heap after
{Heap after GC invocations=37 (full 0):
 garbage-first heap   total 223232K, used 141653K [0x0000000080000000, 0x0000000100000000)
  region size 1024K, 10 young (10240K), 10 survivors (10240K)
 Metaspace       used 130211K, committed 132352K, reserved 1179648K
  class space    used 16752K, committed 17792K, reserved 1048576K
}
Event: 38.208 GC heap before
{Heap before GC invocations=37 (full 0):
 garbage-first heap   total 223232K, used 211285K [0x0000000080000000, 0x0000000100000000)
  region size 1024K, 66 young (67584K), 10 survivors (10240K)
 Metaspace       used 130441K, committed 132544K, reserved 1179648K
  class space    used 16752K, committed 17792K, reserved 1048576K
}
Event: 38.359 GC heap after
{Heap after GC invocations=38 (full 0):
 garbage-first heap   total 238592K, used 159744K [0x0000000080000000, 0x0000000100000000)
  region size 1024K, 9 young (9216K), 9 survivors (9216K)
 Metaspace       used 130441K, committed 132544K, reserved 1179648K
  class space    used 16752K, committed 17792K, reserved 1048576K
}
Event: 43.221 GC heap before
{Heap before GC invocations=38 (full 0):
 garbage-first heap   total 238592K, used 205824K [0x0000000080000000, 0x0000000100000000)
  region size 1024K, 55 young (56320K), 9 survivors (9216K)
 Metaspace       used 131049K, committed 133248K, reserved 1179648K
  class space    used 16758K, committed 17856K, reserved 1048576K
}
Event: 43.255 GC heap after
{Heap after GC invocations=39 (full 0):
 garbage-first heap   total 326656K, used 165167K [0x0000000080000000, 0x0000000100000000)
  region size 1024K, 6 young (6144K), 6 survivors (6144K)
 Metaspace       used 131049K, committed 133248K, reserved 1179648K
  class space    used 16758K, committed 17856K, reserved 1048576K
}
Event: 43.284 GC heap before
{Heap before GC invocations=39 (full 0):
 garbage-first heap   total 326656K, used 167215K [0x0000000080000000, 0x0000000100000000)
  region size 1024K, 8 young (8192K), 6 survivors (6144K)
 Metaspace       used 131051K, committed 133248K, reserved 1179648K
  class space    used 16758K, committed 17856K, reserved 1048576K
}
Event: 43.293 GC heap after
{Heap after GC invocations=40 (full 0):
 garbage-first heap   total 326656K, used 166819K [0x0000000080000000, 0x0000000100000000)
  region size 1024K, 7 young (7168K), 7 survivors (7168K)
 Metaspace       used 131051K, committed 133248K, reserved 1179648K
  class space    used 16758K, committed 17856K, reserved 1048576K
}
Event: 46.299 GC heap before
{Heap before GC invocations=41 (full 0):
 garbage-first heap   total 326656K, used 257955K [0x0000000080000000, 0x0000000100000000)
  region size 1024K, 90 young (92160K), 7 survivors (7168K)
 Metaspace       used 138476K, committed 140736K, reserved 1179648K
  class space    used 17707K, committed 18816K, reserved 1048576K
}
Event: 46.333 GC heap after
{Heap after GC invocations=42 (full 0):
 garbage-first heap   total 326656K, used 177508K [0x0000000080000000, 0x0000000100000000)
  region size 1024K, 12 young (12288K), 12 survivors (12288K)
 Metaspace       used 138476K, committed 140736K, reserved 1179648K
  class space    used 17707K, committed 18816K, reserved 1048576K
}

